[25-Oct-2022 19:04:11 UTC] Sync process for Gutenberg Blocks has started.
[25-Oct-2022 19:04:11 UTC] CATEGORY:Importing categories..
[25-Oct-2022 19:04:11 UTC] CATEGORY:Storing in option ast-block-templates-categories
[25-Oct-2022 19:04:11 UTC] CATEGORY:Completed category import.
[25-Oct-2022 19:04:11 UTC] BLOCK: Getting Total Blocks
[25-Oct-2022 19:04:11 UTC] BLOCK: https://websitedemos.net/wp-json/astra-blocks/v1/get-blocks-count/?page_builder=gutenberg&wireframe=yes
[25-Oct-2022 19:04:11 UTC] BLOCK: Requests count 4
[25-Oct-2022 19:04:11 UTC] BLOCK: Importing request 1 ..
[25-Oct-2022 19:04:11 UTC] BLOCK: https://websitedemos.net/wp-json/astra-blocks/v1/blocks/?page_builder=gutenberg&per_page=100&page=1&wireframe=yes
[25-Oct-2022 19:04:11 UTC] BLOCK: Storing in option ast-block-templates-blocks-1
[25-Oct-2022 19:04:11 UTC] BLOCK: Completed request 1
[25-Oct-2022 19:04:11 UTC] BLOCK: Importing request 2 ..
[25-Oct-2022 19:04:11 UTC] BLOCK: https://websitedemos.net/wp-json/astra-blocks/v1/blocks/?page_builder=gutenberg&per_page=100&page=2&wireframe=yes
[25-Oct-2022 19:04:12 UTC] BLOCK: Storing in option ast-block-templates-blocks-2
[25-Oct-2022 19:04:12 UTC] BLOCK: Completed request 2
[25-Oct-2022 19:04:12 UTC] BLOCK: Importing request 3 ..
[25-Oct-2022 19:04:12 UTC] BLOCK: https://websitedemos.net/wp-json/astra-blocks/v1/blocks/?page_builder=gutenberg&per_page=100&page=3&wireframe=yes
[25-Oct-2022 19:04:12 UTC] BLOCK: Storing in option ast-block-templates-blocks-3
[25-Oct-2022 19:04:12 UTC] BLOCK: Completed request 3
[25-Oct-2022 19:04:12 UTC] BLOCK: Importing request 4 ..
[25-Oct-2022 19:04:12 UTC] BLOCK: https://websitedemos.net/wp-json/astra-blocks/v1/blocks/?page_builder=gutenberg&per_page=100&page=4&wireframe=yes
[25-Oct-2022 19:04:13 UTC] BLOCK: Storing in option ast-block-templates-blocks-4
[25-Oct-2022 19:04:13 UTC] BLOCK: Completed request 4
[25-Oct-2022 19:04:13 UTC] SITE: Getting Total Sites
[25-Oct-2022 19:04:13 UTC] SITE: https://websitedemos.net/wp-json/astra-sites/v1/get-total-pages/?page_builder=gutenberg
[25-Oct-2022 19:04:13 UTC] SITE: Request count 2
[25-Oct-2022 19:04:13 UTC] SITE: Importing request 1 ..
[25-Oct-2022 19:04:13 UTC] SITE: https://websitedemos.net/wp-json/astra-sites/v1/sites-and-pages/?per_page=100&page=1&page-builder=gutenberg
[25-Oct-2022 19:04:14 UTC] SITE: Storing in option ast-block-templates-sites-1
[25-Oct-2022 19:04:14 UTC] SITE: Completed request 1
[25-Oct-2022 19:04:14 UTC] SITE: Importing request 2 ..
[25-Oct-2022 19:04:14 UTC] SITE: https://websitedemos.net/wp-json/astra-sites/v1/sites-and-pages/?per_page=100&page=2&page-builder=gutenberg
[25-Oct-2022 19:04:14 UTC] SITE: Storing in option ast-block-templates-sites-2
[25-Oct-2022 19:04:14 UTC] SITE: Completed request 2
[25-Oct-2022 19:04:14 UTC] Sync process for Gutenberg Blocks is done.
[31-Oct-2022 04:28:42 UTC] PHP Warning:  array_merge(): Expected parameter 2 to be an array, null given in C:\Users\vishant yadav\Local Sites\personal-portfolio\app\public\wp-content\plugins\ultimate-addons-for-gutenberg\classes\class-uagb-block-module.php on line 175
[31-Oct-2022 04:28:42 UTC] PHP Stack trace:
[31-Oct-2022 04:28:42 UTC] PHP   1. {main}() C:\Users\vishant yadav\Local Sites\personal-portfolio\app\public\wp-admin\post.php:0
[31-Oct-2022 04:28:42 UTC] PHP   2. require() C:\Users\vishant yadav\Local Sites\personal-portfolio\app\public\wp-admin\post.php:187
[31-Oct-2022 04:28:42 UTC] PHP   3. do_action() C:\Users\vishant yadav\Local Sites\personal-portfolio\app\public\wp-admin\edit-form-blocks.php:270
[31-Oct-2022 04:28:42 UTC] PHP   4. WP_Hook->do_action() C:\Users\vishant yadav\Local Sites\personal-portfolio\app\public\wp-includes\plugin.php:476
[31-Oct-2022 04:28:42 UTC] PHP   5. WP_Hook->apply_filters() C:\Users\vishant yadav\Local Sites\personal-portfolio\app\public\wp-includes\class-wp-hook.php:331
[31-Oct-2022 04:28:42 UTC] PHP   6. Astra_Enqueue_Scripts->gutenberg_assets() C:\Users\vishant yadav\Local Sites\personal-portfolio\app\public\wp-includes\class-wp-hook.php:307
[31-Oct-2022 04:28:42 UTC] PHP   7. Astra_Fonts::render_fonts() C:\Users\vishant yadav\Local Sites\personal-portfolio\app\public\wp-content\themes\astra\inc\core\class-astra-enqueue-scripts.php:430
[31-Oct-2022 04:28:42 UTC] PHP   8. Astra_Fonts::google_fonts_url() C:\Users\vishant yadav\Local Sites\personal-portfolio\app\public\wp-content\themes\astra\inc\customizer\class-astra-fonts.php:114
[31-Oct-2022 04:28:42 UTC] PHP   9. apply_filters() C:\Users\vishant yadav\Local Sites\personal-portfolio\app\public\wp-content\themes\astra\inc\customizer\class-astra-fonts.php:156
[31-Oct-2022 04:28:42 UTC] PHP  10. WP_Hook->apply_filters() C:\Users\vishant yadav\Local Sites\personal-portfolio\app\public\wp-includes\plugin.php:191
[31-Oct-2022 04:28:42 UTC] PHP  11. UAGB_Astra_Compatibility->add_google_fonts_in_astra() C:\Users\vishant yadav\Local Sites\personal-portfolio\app\public\wp-includes\class-wp-hook.php:307
[31-Oct-2022 04:28:42 UTC] PHP  12. uagb_get_post_assets() C:\Users\vishant yadav\Local Sites\personal-portfolio\app\public\wp-content\plugins\ultimate-addons-for-gutenberg\compatibility\class-uagb-astra-compatibility.php:72
[31-Oct-2022 04:28:42 UTC] PHP  13. UAGB_Post_Assets->__construct() C:\Users\vishant yadav\Local Sites\personal-portfolio\app\public\wp-content\plugins\ultimate-addons-for-gutenberg\classes\utils.php:22
[31-Oct-2022 04:28:42 UTC] PHP  14. UAGB_Post_Assets->prepare_assets() C:\Users\vishant yadav\Local Sites\personal-portfolio\app\public\wp-content\plugins\ultimate-addons-for-gutenberg\classes\class-uagb-post-assets.php:225
[31-Oct-2022 04:28:42 UTC] PHP  15. UAGB_Post_Assets->common_function_for_assets_preparation() C:\Users\vishant yadav\Local Sites\personal-portfolio\app\public\wp-content\plugins\ultimate-addons-for-gutenberg\classes\class-uagb-post-assets.php:881
[31-Oct-2022 04:28:42 UTC] PHP  16. UAGB_Post_Assets->get_blocks_assets() C:\Users\vishant yadav\Local Sites\personal-portfolio\app\public\wp-content\plugins\ultimate-addons-for-gutenberg\classes\class-uagb-post-assets.php:899
[31-Oct-2022 04:28:42 UTC] PHP  17. UAGB_Post_Assets->get_block_css_and_js() C:\Users\vishant yadav\Local Sites\personal-portfolio\app\public\wp-content\plugins\ultimate-addons-for-gutenberg\classes\class-uagb-post-assets.php:969
[31-Oct-2022 04:28:42 UTC] PHP  18. UAGB_Block_Module::get_frontend_css() C:\Users\vishant yadav\Local Sites\personal-portfolio\app\public\wp-content\plugins\ultimate-addons-for-gutenberg\classes\class-uagb-post-assets.php:785
[31-Oct-2022 04:28:42 UTC] PHP  19. array_merge() C:\Users\vishant yadav\Local Sites\personal-portfolio\app\public\wp-content\plugins\ultimate-addons-for-gutenberg\classes\class-uagb-block-module.php:175
[31-Oct-2022 04:28:42 UTC] PHP Warning:  array_merge(): Expected parameter 2 to be an array, null given in C:\Users\vishant yadav\Local Sites\personal-portfolio\app\public\wp-content\plugins\ultimate-addons-for-gutenberg\classes\class-uagb-block-module.php on line 175
[31-Oct-2022 04:28:42 UTC] PHP Stack trace:
[31-Oct-2022 04:28:42 UTC] PHP   1. {main}() C:\Users\vishant yadav\Local Sites\personal-portfolio\app\public\wp-admin\post.php:0
[31-Oct-2022 04:28:42 UTC] PHP   2. require() C:\Users\vishant yadav\Local Sites\personal-portfolio\app\public\wp-admin\post.php:187
[31-Oct-2022 04:28:42 UTC] PHP   3. do_action() C:\Users\vishant yadav\Local Sites\personal-portfolio\app\public\wp-admin\edit-form-blocks.php:270
[31-Oct-2022 04:28:42 UTC] PHP   4. WP_Hook->do_action() C:\Users\vishant yadav\Local Sites\personal-portfolio\app\public\wp-includes\plugin.php:476
[31-Oct-2022 04:28:42 UTC] PHP   5. WP_Hook->apply_filters() C:\Users\vishant yadav\Local Sites\personal-portfolio\app\public\wp-includes\class-wp-hook.php:331
[31-Oct-2022 04:28:42 UTC] PHP   6. Astra_Enqueue_Scripts->gutenberg_assets() C:\Users\vishant yadav\Local Sites\personal-portfolio\app\public\wp-includes\class-wp-hook.php:307
[31-Oct-2022 04:28:42 UTC] PHP   7. Astra_Fonts::render_fonts() C:\Users\vishant yadav\Local Sites\personal-portfolio\app\public\wp-content\themes\astra\inc\core\class-astra-enqueue-scripts.php:430
[31-Oct-2022 04:28:42 UTC] PHP   8. Astra_Fonts::google_fonts_url() C:\Users\vishant yadav\Local Sites\personal-portfolio\app\public\wp-content\themes\astra\inc\customizer\class-astra-fonts.php:114
[31-Oct-2022 04:28:42 UTC] PHP   9. apply_filters() C:\Users\vishant yadav\Local Sites\personal-portfolio\app\public\wp-content\themes\astra\inc\customizer\class-astra-fonts.php:156
[31-Oct-2022 04:28:42 UTC] PHP  10. WP_Hook->apply_filters() C:\Users\vishant yadav\Local Sites\personal-portfolio\app\public\wp-includes\plugin.php:191
[31-Oct-2022 04:28:42 UTC] PHP  11. UAGB_Astra_Compatibility->add_google_fonts_in_astra() C:\Users\vishant yadav\Local Sites\personal-portfolio\app\public\wp-includes\class-wp-hook.php:307
[31-Oct-2022 04:28:42 UTC] PHP  12. uagb_get_post_assets() C:\Users\vishant yadav\Local Sites\personal-portfolio\app\public\wp-content\plugins\ultimate-addons-for-gutenberg\compatibility\class-uagb-astra-compatibility.php:72
[31-Oct-2022 04:28:42 UTC] PHP  13. UAGB_Post_Assets->__construct() C:\Users\vishant yadav\Local Sites\personal-portfolio\app\public\wp-content\plugins\ultimate-addons-for-gutenberg\classes\utils.php:22
[31-Oct-2022 04:28:42 UTC] PHP  14. UAGB_Post_Assets->prepare_assets() C:\Users\vishant yadav\Local Sites\personal-portfolio\app\public\wp-content\plugins\ultimate-addons-for-gutenberg\classes\class-uagb-post-assets.php:225
[31-Oct-2022 04:28:42 UTC] PHP  15. UAGB_Post_Assets->common_function_for_assets_preparation() C:\Users\vishant yadav\Local Sites\personal-portfolio\app\public\wp-content\plugins\ultimate-addons-for-gutenberg\classes\class-uagb-post-assets.php:881
[31-Oct-2022 04:28:42 UTC] PHP  16. UAGB_Post_Assets->get_blocks_assets() C:\Users\vishant yadav\Local Sites\personal-portfolio\app\public\wp-content\plugins\ultimate-addons-for-gutenberg\classes\class-uagb-post-assets.php:899
[31-Oct-2022 04:28:42 UTC] PHP  17. UAGB_Post_Assets->get_block_css_and_js() C:\Users\vishant yadav\Local Sites\personal-portfolio\app\public\wp-content\plugins\ultimate-addons-for-gutenberg\classes\class-uagb-post-assets.php:969
[31-Oct-2022 04:28:42 UTC] PHP  18. UAGB_Post_Assets->get_block_css_and_js() C:\Users\vishant yadav\Local Sites\personal-portfolio\app\public\wp-content\plugins\ultimate-addons-for-gutenberg\classes\class-uagb-post-assets.php:814
[31-Oct-2022 04:28:42 UTC] PHP  19. UAGB_Block_Module::get_frontend_css() C:\Users\vishant yadav\Local Sites\personal-portfolio\app\public\wp-content\plugins\ultimate-addons-for-gutenberg\classes\class-uagb-post-assets.php:785
[31-Oct-2022 04:28:42 UTC] PHP  20. array_merge() C:\Users\vishant yadav\Local Sites\personal-portfolio\app\public\wp-content\plugins\ultimate-addons-for-gutenberg\classes\class-uagb-block-module.php:175
[31-Oct-2022 04:28:42 UTC] PHP Warning:  array_merge(): Expected parameter 2 to be an array, null given in C:\Users\vishant yadav\Local Sites\personal-portfolio\app\public\wp-content\plugins\ultimate-addons-for-gutenberg\classes\class-uagb-block-module.php on line 175
[31-Oct-2022 04:28:42 UTC] PHP Stack trace:
[31-Oct-2022 04:28:42 UTC] PHP   1. {main}() C:\Users\vishant yadav\Local Sites\personal-portfolio\app\public\wp-admin\post.php:0
[31-Oct-2022 04:28:42 UTC] PHP   2. require() C:\Users\vishant yadav\Local Sites\personal-portfolio\app\public\wp-admin\post.php:187
[31-Oct-2022 04:28:42 UTC] PHP   3. do_action() C:\Users\vishant yadav\Local Sites\personal-portfolio\app\public\wp-admin\edit-form-blocks.php:270
[31-Oct-2022 04:28:42 UTC] PHP   4. WP_Hook->do_action() C:\Users\vishant yadav\Local Sites\personal-portfolio\app\public\wp-includes\plugin.php:476
[31-Oct-2022 04:28:42 UTC] PHP   5. WP_Hook->apply_filters() C:\Users\vishant yadav\Local Sites\personal-portfolio\app\public\wp-includes\class-wp-hook.php:331
[31-Oct-2022 04:28:42 UTC] PHP   6. Astra_Enqueue_Scripts->gutenberg_assets() C:\Users\vishant yadav\Local Sites\personal-portfolio\app\public\wp-includes\class-wp-hook.php:307
[31-Oct-2022 04:28:42 UTC] PHP   7. Astra_Fonts::render_fonts() C:\Users\vishant yadav\Local Sites\personal-portfolio\app\public\wp-content\themes\astra\inc\core\class-astra-enqueue-scripts.php:430
[31-Oct-2022 04:28:42 UTC] PHP   8. Astra_Fonts::google_fonts_url() C:\Users\vishant yadav\Local Sites\personal-portfolio\app\public\wp-content\themes\astra\inc\customizer\class-astra-fonts.php:114
[31-Oct-2022 04:28:42 UTC] PHP   9. apply_filters() C:\Users\vishant yadav\Local Sites\personal-portfolio\app\public\wp-content\themes\astra\inc\customizer\class-astra-fonts.php:156
[31-Oct-2022 04:28:42 UTC] PHP  10. WP_Hook->apply_filters() C:\Users\vishant yadav\Local Sites\personal-portfolio\app\public\wp-includes\plugin.php:191
[31-Oct-2022 04:28:42 UTC] PHP  11. UAGB_Astra_Compatibility->add_google_fonts_in_astra() C:\Users\vishant yadav\Local Sites\personal-portfolio\app\public\wp-includes\class-wp-hook.php:307
[31-Oct-2022 04:28:42 UTC] PHP  12. uagb_get_post_assets() C:\Users\vishant yadav\Local Sites\personal-portfolio\app\public\wp-content\plugins\ultimate-addons-for-gutenberg\compatibility\class-uagb-astra-compatibility.php:72
[31-Oct-2022 04:28:42 UTC] PHP  13. UAGB_Post_Assets->__construct() C:\Users\vishant yadav\Local Sites\personal-portfolio\app\public\wp-content\plugins\ultimate-addons-for-gutenberg\classes\utils.php:22
[31-Oct-2022 04:28:42 UTC] PHP  14. UAGB_Post_Assets->prepare_assets() C:\Users\vishant yadav\Local Sites\personal-portfolio\app\public\wp-content\plugins\ultimate-addons-for-gutenberg\classes\class-uagb-post-assets.php:225
[31-Oct-2022 04:28:42 UTC] PHP  15. UAGB_Post_Assets->common_function_for_assets_preparation() C:\Users\vishant yadav\Local Sites\personal-portfolio\app\public\wp-content\plugins\ultimate-addons-for-gutenberg\classes\class-uagb-post-assets.php:881
[31-Oct-2022 04:28:42 UTC] PHP  16. UAGB_Post_Assets->get_blocks_assets() C:\Users\vishant yadav\Local Sites\personal-portfolio\app\public\wp-content\plugins\ultimate-addons-for-gutenberg\classes\class-uagb-post-assets.php:899
[31-Oct-2022 04:28:42 UTC] PHP  17. UAGB_Post_Assets->get_block_css_and_js() C:\Users\vishant yadav\Local Sites\personal-portfolio\app\public\wp-content\plugins\ultimate-addons-for-gutenberg\classes\class-uagb-post-assets.php:969
[31-Oct-2022 04:28:42 UTC] PHP  18. UAGB_Post_Assets->get_block_css_and_js() C:\Users\vishant yadav\Local Sites\personal-portfolio\app\public\wp-content\plugins\ultimate-addons-for-gutenberg\classes\class-uagb-post-assets.php:814
[31-Oct-2022 04:28:42 UTC] PHP  19. UAGB_Block_Module::get_frontend_css() C:\Users\vishant yadav\Local Sites\personal-portfolio\app\public\wp-content\plugins\ultimate-addons-for-gutenberg\classes\class-uagb-post-assets.php:785
[31-Oct-2022 04:28:42 UTC] PHP  20. array_merge() C:\Users\vishant yadav\Local Sites\personal-portfolio\app\public\wp-content\plugins\ultimate-addons-for-gutenberg\classes\class-uagb-block-module.php:175
[31-Oct-2022 04:28:43 UTC] PHP Warning:  array_merge(): Expected parameter 2 to be an array, null given in C:\Users\vishant yadav\Local Sites\personal-portfolio\app\public\wp-content\plugins\ultimate-addons-for-gutenberg\classes\class-uagb-block-module.php on line 175
[31-Oct-2022 04:28:43 UTC] PHP Stack trace:
[31-Oct-2022 04:28:43 UTC] PHP   1. {main}() C:\Users\vishant yadav\Local Sites\personal-portfolio\app\public\wp-admin\post.php:0
[31-Oct-2022 04:28:43 UTC] PHP   2. require() C:\Users\vishant yadav\Local Sites\personal-portfolio\app\public\wp-admin\post.php:187
[31-Oct-2022 04:28:43 UTC] PHP   3. do_action() C:\Users\vishant yadav\Local Sites\personal-portfolio\app\public\wp-admin\edit-form-blocks.php:270
[31-Oct-2022 04:28:43 UTC] PHP   4. WP_Hook->do_action() C:\Users\vishant yadav\Local Sites\personal-portfolio\app\public\wp-includes\plugin.php:476
[31-Oct-2022 04:28:43 UTC] PHP   5. WP_Hook->apply_filters() C:\Users\vishant yadav\Local Sites\personal-portfolio\app\public\wp-includes\class-wp-hook.php:331
[31-Oct-2022 04:28:43 UTC] PHP   6. Astra_Enqueue_Scripts->gutenberg_assets() C:\Users\vishant yadav\Local Sites\personal-portfolio\app\public\wp-includes\class-wp-hook.php:307
[31-Oct-2022 04:28:43 UTC] PHP   7. Astra_Fonts::render_fonts() C:\Users\vishant yadav\Local Sites\personal-portfolio\app\public\wp-content\themes\astra\inc\core\class-astra-enqueue-scripts.php:430
[31-Oct-2022 04:28:43 UTC] PHP   8. Astra_Fonts::google_fonts_url() C:\Users\vishant yadav\Local Sites\personal-portfolio\app\public\wp-content\themes\astra\inc\customizer\class-astra-fonts.php:114
[31-Oct-2022 04:28:43 UTC] PHP   9. apply_filters() C:\Users\vishant yadav\Local Sites\personal-portfolio\app\public\wp-content\themes\astra\inc\customizer\class-astra-fonts.php:156
[31-Oct-2022 04:28:43 UTC] PHP  10. WP_Hook->apply_filters() C:\Users\vishant yadav\Local Sites\personal-portfolio\app\public\wp-includes\plugin.php:191
[31-Oct-2022 04:28:43 UTC] PHP  11. UAGB_Astra_Compatibility->add_google_fonts_in_astra() C:\Users\vishant yadav\Local Sites\personal-portfolio\app\public\wp-includes\class-wp-hook.php:307
[31-Oct-2022 04:28:43 UTC] PHP  12. uagb_get_post_assets() C:\Users\vishant yadav\Local Sites\personal-portfolio\app\public\wp-content\plugins\ultimate-addons-for-gutenberg\compatibility\class-uagb-astra-compatibility.php:72
[31-Oct-2022 04:28:43 UTC] PHP  13. UAGB_Post_Assets->__construct() C:\Users\vishant yadav\Local Sites\personal-portfolio\app\public\wp-content\plugins\ultimate-addons-for-gutenberg\classes\utils.php:22
[31-Oct-2022 04:28:43 UTC] PHP  14. UAGB_Post_Assets->prepare_assets() C:\Users\vishant yadav\Local Sites\personal-portfolio\app\public\wp-content\plugins\ultimate-addons-for-gutenberg\classes\class-uagb-post-assets.php:225
[31-Oct-2022 04:28:43 UTC] PHP  15. UAGB_Post_Assets->common_function_for_assets_preparation() C:\Users\vishant yadav\Local Sites\personal-portfolio\app\public\wp-content\plugins\ultimate-addons-for-gutenberg\classes\class-uagb-post-assets.php:881
[31-Oct-2022 04:28:43 UTC] PHP  16. UAGB_Post_Assets->get_blocks_assets() C:\Users\vishant yadav\Local Sites\personal-portfolio\app\public\wp-content\plugins\ultimate-addons-for-gutenberg\classes\class-uagb-post-assets.php:899
[31-Oct-2022 04:28:43 UTC] PHP  17. UAGB_Post_Assets->get_block_css_and_js() C:\Users\vishant yadav\Local Sites\personal-portfolio\app\public\wp-content\plugins\ultimate-addons-for-gutenberg\classes\class-uagb-post-assets.php:969
[31-Oct-2022 04:28:43 UTC] PHP  18. UAGB_Post_Assets->get_block_css_and_js() C:\Users\vishant yadav\Local Sites\personal-portfolio\app\public\wp-content\plugins\ultimate-addons-for-gutenberg\classes\class-uagb-post-assets.php:814
[31-Oct-2022 04:28:43 UTC] PHP  19. UAGB_Post_Assets->get_block_css_and_js() C:\Users\vishant yadav\Local Sites\personal-portfolio\app\public\wp-content\plugins\ultimate-addons-for-gutenberg\classes\class-uagb-post-assets.php:814
[31-Oct-2022 04:28:43 UTC] PHP  20. UAGB_Block_Module::get_frontend_css() C:\Users\vishant yadav\Local Sites\personal-portfolio\app\public\wp-content\plugins\ultimate-addons-for-gutenberg\classes\class-uagb-post-assets.php:785
[31-Oct-2022 04:28:43 UTC] PHP  21. array_merge() C:\Users\vishant yadav\Local Sites\personal-portfolio\app\public\wp-content\plugins\ultimate-addons-for-gutenberg\classes\class-uagb-block-module.php:175
[31-Oct-2022 04:28:43 UTC] PHP Warning:  array_merge(): Expected parameter 2 to be an array, null given in C:\Users\vishant yadav\Local Sites\personal-portfolio\app\public\wp-content\plugins\ultimate-addons-for-gutenberg\classes\class-uagb-block-module.php on line 175
[31-Oct-2022 04:28:43 UTC] PHP Stack trace:
[31-Oct-2022 04:28:43 UTC] PHP   1. {main}() C:\Users\vishant yadav\Local Sites\personal-portfolio\app\public\wp-admin\post.php:0
[31-Oct-2022 04:28:43 UTC] PHP   2. require() C:\Users\vishant yadav\Local Sites\personal-portfolio\app\public\wp-admin\post.php:187
[31-Oct-2022 04:28:43 UTC] PHP   3. do_action() C:\Users\vishant yadav\Local Sites\personal-portfolio\app\public\wp-admin\edit-form-blocks.php:270
[31-Oct-2022 04:28:43 UTC] PHP   4. WP_Hook->do_action() C:\Users\vishant yadav\Local Sites\personal-portfolio\app\public\wp-includes\plugin.php:476
[31-Oct-2022 04:28:43 UTC] PHP   5. WP_Hook->apply_filters() C:\Users\vishant yadav\Local Sites\personal-portfolio\app\public\wp-includes\class-wp-hook.php:331
[31-Oct-2022 04:28:43 UTC] PHP   6. Astra_Enqueue_Scripts->gutenberg_assets() C:\Users\vishant yadav\Local Sites\personal-portfolio\app\public\wp-includes\class-wp-hook.php:307
[31-Oct-2022 04:28:43 UTC] PHP   7. Astra_Fonts::render_fonts() C:\Users\vishant yadav\Local Sites\personal-portfolio\app\public\wp-content\themes\astra\inc\core\class-astra-enqueue-scripts.php:430
[31-Oct-2022 04:28:43 UTC] PHP   8. Astra_Fonts::google_fonts_url() C:\Users\vishant yadav\Local Sites\personal-portfolio\app\public\wp-content\themes\astra\inc\customizer\class-astra-fonts.php:114
[31-Oct-2022 04:28:43 UTC] PHP   9. apply_filters() C:\Users\vishant yadav\Local Sites\personal-portfolio\app\public\wp-content\themes\astra\inc\customizer\class-astra-fonts.php:156
[31-Oct-2022 04:28:43 UTC] PHP  10. WP_Hook->apply_filters() C:\Users\vishant yadav\Local Sites\personal-portfolio\app\public\wp-includes\plugin.php:191
[31-Oct-2022 04:28:43 UTC] PHP  11. UAGB_Astra_Compatibility->add_google_fonts_in_astra() C:\Users\vishant yadav\Local Sites\personal-portfolio\app\public\wp-includes\class-wp-hook.php:307
[31-Oct-2022 04:28:43 UTC] PHP  12. uagb_get_post_assets() C:\Users\vishant yadav\Local Sites\personal-portfolio\app\public\wp-content\plugins\ultimate-addons-for-gutenberg\compatibility\class-uagb-astra-compatibility.php:72
[31-Oct-2022 04:28:43 UTC] PHP  13. UAGB_Post_Assets->__construct() C:\Users\vishant yadav\Local Sites\personal-portfolio\app\public\wp-content\plugins\ultimate-addons-for-gutenberg\classes\utils.php:22
[31-Oct-2022 04:28:43 UTC] PHP  14. UAGB_Post_Assets->prepare_assets() C:\Users\vishant yadav\Local Sites\personal-portfolio\app\public\wp-content\plugins\ultimate-addons-for-gutenberg\classes\class-uagb-post-assets.php:225
[31-Oct-2022 04:28:43 UTC] PHP  15. UAGB_Post_Assets->common_function_for_assets_preparation() C:\Users\vishant yadav\Local Sites\personal-portfolio\app\public\wp-content\plugins\ultimate-addons-for-gutenberg\classes\class-uagb-post-assets.php:881
[31-Oct-2022 04:28:43 UTC] PHP  16. UAGB_Post_Assets->get_blocks_assets() C:\Users\vishant yadav\Local Sites\personal-portfolio\app\public\wp-content\plugins\ultimate-addons-for-gutenberg\classes\class-uagb-post-assets.php:899
[31-Oct-2022 04:28:43 UTC] PHP  17. UAGB_Post_Assets->get_block_css_and_js() C:\Users\vishant yadav\Local Sites\personal-portfolio\app\public\wp-content\plugins\ultimate-addons-for-gutenberg\classes\class-uagb-post-assets.php:969
[31-Oct-2022 04:28:43 UTC] PHP  18. UAGB_Post_Assets->get_block_css_and_js() C:\Users\vishant yadav\Local Sites\personal-portfolio\app\public\wp-content\plugins\ultimate-addons-for-gutenberg\classes\class-uagb-post-assets.php:814
[31-Oct-2022 04:28:43 UTC] PHP  19. UAGB_Block_Module::get_frontend_css() C:\Users\vishant yadav\Local Sites\personal-portfolio\app\public\wp-content\plugins\ultimate-addons-for-gutenberg\classes\class-uagb-post-assets.php:785
[31-Oct-2022 04:28:43 UTC] PHP  20. array_merge() C:\Users\vishant yadav\Local Sites\personal-portfolio\app\public\wp-content\plugins\ultimate-addons-for-gutenberg\classes\class-uagb-block-module.php:175
[31-Oct-2022 04:28:43 UTC] PHP Warning:  array_merge(): Expected parameter 2 to be an array, null given in C:\Users\vishant yadav\Local Sites\personal-portfolio\app\public\wp-content\plugins\ultimate-addons-for-gutenberg\classes\class-uagb-block-module.php on line 175
[31-Oct-2022 04:28:43 UTC] PHP Stack trace:
[31-Oct-2022 04:28:43 UTC] PHP   1. {main}() C:\Users\vishant yadav\Local Sites\personal-portfolio\app\public\wp-admin\post.php:0
[31-Oct-2022 04:28:43 UTC] PHP   2. require() C:\Users\vishant yadav\Local Sites\personal-portfolio\app\public\wp-admin\post.php:187
[31-Oct-2022 04:28:43 UTC] PHP   3. do_action() C:\Users\vishant yadav\Local Sites\personal-portfolio\app\public\wp-admin\edit-form-blocks.php:270
[31-Oct-2022 04:28:43 UTC] PHP   4. WP_Hook->do_action() C:\Users\vishant yadav\Local Sites\personal-portfolio\app\public\wp-includes\plugin.php:476
[31-Oct-2022 04:28:43 UTC] PHP   5. WP_Hook->apply_filters() C:\Users\vishant yadav\Local Sites\personal-portfolio\app\public\wp-includes\class-wp-hook.php:331
[31-Oct-2022 04:28:43 UTC] PHP   6. Astra_Enqueue_Scripts->gutenberg_assets() C:\Users\vishant yadav\Local Sites\personal-portfolio\app\public\wp-includes\class-wp-hook.php:307
[31-Oct-2022 04:28:43 UTC] PHP   7. Astra_Fonts::render_fonts() C:\Users\vishant yadav\Local Sites\personal-portfolio\app\public\wp-content\themes\astra\inc\core\class-astra-enqueue-scripts.php:430
[31-Oct-2022 04:28:43 UTC] PHP   8. Astra_Fonts::google_fonts_url() C:\Users\vishant yadav\Local Sites\personal-portfolio\app\public\wp-content\themes\astra\inc\customizer\class-astra-fonts.php:114
[31-Oct-2022 04:28:43 UTC] PHP   9. apply_filters() C:\Users\vishant yadav\Local Sites\personal-portfolio\app\public\wp-content\themes\astra\inc\customizer\class-astra-fonts.php:156
[31-Oct-2022 04:28:43 UTC] PHP  10. WP_Hook->apply_filters() C:\Users\vishant yadav\Local Sites\personal-portfolio\app\public\wp-includes\plugin.php:191
[31-Oct-2022 04:28:43 UTC] PHP  11. UAGB_Astra_Compatibility->add_google_fonts_in_astra() C:\Users\vishant yadav\Local Sites\personal-portfolio\app\public\wp-includes\class-wp-hook.php:307
[31-Oct-2022 04:28:43 UTC] PHP  12. uagb_get_post_assets() C:\Users\vishant yadav\Local Sites\personal-portfolio\app\public\wp-content\plugins\ultimate-addons-for-gutenberg\compatibility\class-uagb-astra-compatibility.php:72
[31-Oct-2022 04:28:43 UTC] PHP  13. UAGB_Post_Assets->__construct() C:\Users\vishant yadav\Local Sites\personal-portfolio\app\public\wp-content\plugins\ultimate-addons-for-gutenberg\classes\utils.php:22
[31-Oct-2022 04:28:43 UTC] PHP  14. UAGB_Post_Assets->prepare_assets() C:\Users\vishant yadav\Local Sites\personal-portfolio\app\public\wp-content\plugins\ultimate-addons-for-gutenberg\classes\class-uagb-post-assets.php:225
[31-Oct-2022 04:28:43 UTC] PHP  15. UAGB_Post_Assets->common_function_for_assets_preparation() C:\Users\vishant yadav\Local Sites\personal-portfolio\app\public\wp-content\plugins\ultimate-addons-for-gutenberg\classes\class-uagb-post-assets.php:881
[31-Oct-2022 04:28:43 UTC] PHP  16. UAGB_Post_Assets->get_blocks_assets() C:\Users\vishant yadav\Local Sites\personal-portfolio\app\public\wp-content\plugins\ultimate-addons-for-gutenberg\classes\class-uagb-post-assets.php:899
[31-Oct-2022 04:28:43 UTC] PHP  17. UAGB_Post_Assets->get_block_css_and_js() C:\Users\vishant yadav\Local Sites\personal-portfolio\app\public\wp-content\plugins\ultimate-addons-for-gutenberg\classes\class-uagb-post-assets.php:969
[31-Oct-2022 04:28:43 UTC] PHP  18. UAGB_Block_Module::get_frontend_css() C:\Users\vishant yadav\Local Sites\personal-portfolio\app\public\wp-content\plugins\ultimate-addons-for-gutenberg\classes\class-uagb-post-assets.php:785
[31-Oct-2022 04:28:43 UTC] PHP  19. array_merge() C:\Users\vishant yadav\Local Sites\personal-portfolio\app\public\wp-content\plugins\ultimate-addons-for-gutenberg\classes\class-uagb-block-module.php:175
[31-Oct-2022 04:28:43 UTC] PHP Warning:  array_merge(): Expected parameter 2 to be an array, null given in C:\Users\vishant yadav\Local Sites\personal-portfolio\app\public\wp-content\plugins\ultimate-addons-for-gutenberg\classes\class-uagb-block-module.php on line 175
[31-Oct-2022 04:28:43 UTC] PHP Stack trace:
[31-Oct-2022 04:28:43 UTC] PHP   1. {main}() C:\Users\vishant yadav\Local Sites\personal-portfolio\app\public\wp-admin\post.php:0
[31-Oct-2022 04:28:43 UTC] PHP   2. require() C:\Users\vishant yadav\Local Sites\personal-portfolio\app\public\wp-admin\post.php:187
[31-Oct-2022 04:28:43 UTC] PHP   3. do_action() C:\Users\vishant yadav\Local Sites\personal-portfolio\app\public\wp-admin\edit-form-blocks.php:270
[31-Oct-2022 04:28:43 UTC] PHP   4. WP_Hook->do_action() C:\Users\vishant yadav\Local Sites\personal-portfolio\app\public\wp-includes\plugin.php:476
[31-Oct-2022 04:28:43 UTC] PHP   5. WP_Hook->apply_filters() C:\Users\vishant yadav\Local Sites\personal-portfolio\app\public\wp-includes\class-wp-hook.php:331
[31-Oct-2022 04:28:43 UTC] PHP   6. Astra_Enqueue_Scripts->gutenberg_assets() C:\Users\vishant yadav\Local Sites\personal-portfolio\app\public\wp-includes\class-wp-hook.php:307
[31-Oct-2022 04:28:43 UTC] PHP   7. Astra_Fonts::render_fonts() C:\Users\vishant yadav\Local Sites\personal-portfolio\app\public\wp-content\themes\astra\inc\core\class-astra-enqueue-scripts.php:430
[31-Oct-2022 04:28:43 UTC] PHP   8. Astra_Fonts::google_fonts_url() C:\Users\vishant yadav\Local Sites\personal-portfolio\app\public\wp-content\themes\astra\inc\customizer\class-astra-fonts.php:114
[31-Oct-2022 04:28:43 UTC] PHP   9. apply_filters() C:\Users\vishant yadav\Local Sites\personal-portfolio\app\public\wp-content\themes\astra\inc\customizer\class-astra-fonts.php:156
[31-Oct-2022 04:28:43 UTC] PHP  10. WP_Hook->apply_filters() C:\Users\vishant yadav\Local Sites\personal-portfolio\app\public\wp-includes\plugin.php:191
[31-Oct-2022 04:28:43 UTC] PHP  11. UAGB_Astra_Compatibility->add_google_fonts_in_astra() C:\Users\vishant yadav\Local Sites\personal-portfolio\app\public\wp-includes\class-wp-hook.php:307
[31-Oct-2022 04:28:43 UTC] PHP  12. uagb_get_post_assets() C:\Users\vishant yadav\Local Sites\personal-portfolio\app\public\wp-content\plugins\ultimate-addons-for-gutenberg\compatibility\class-uagb-astra-compatibility.php:72
[31-Oct-2022 04:28:43 UTC] PHP  13. UAGB_Post_Assets->__construct() C:\Users\vishant yadav\Local Sites\personal-portfolio\app\public\wp-content\plugins\ultimate-addons-for-gutenberg\classes\utils.php:22
[31-Oct-2022 04:28:43 UTC] PHP  14. UAGB_Post_Assets->prepare_assets() C:\Users\vishant yadav\Local Sites\personal-portfolio\app\public\wp-content\plugins\ultimate-addons-for-gutenberg\classes\class-uagb-post-assets.php:225
[31-Oct-2022 04:28:43 UTC] PHP  15. UAGB_Post_Assets->common_function_for_assets_preparation() C:\Users\vishant yadav\Local Sites\personal-portfolio\app\public\wp-content\plugins\ultimate-addons-for-gutenberg\classes\class-uagb-post-assets.php:881
[31-Oct-2022 04:28:43 UTC] PHP  16. UAGB_Post_Assets->get_blocks_assets() C:\Users\vishant yadav\Local Sites\personal-portfolio\app\public\wp-content\plugins\ultimate-addons-for-gutenberg\classes\class-uagb-post-assets.php:899
[31-Oct-2022 04:28:43 UTC] PHP  17. UAGB_Post_Assets->get_block_css_and_js() C:\Users\vishant yadav\Local Sites\personal-portfolio\app\public\wp-content\plugins\ultimate-addons-for-gutenberg\classes\class-uagb-post-assets.php:969
[31-Oct-2022 04:28:43 UTC] PHP  18. UAGB_Post_Assets->get_block_css_and_js() C:\Users\vishant yadav\Local Sites\personal-portfolio\app\public\wp-content\plugins\ultimate-addons-for-gutenberg\classes\class-uagb-post-assets.php:814
[31-Oct-2022 04:28:43 UTC] PHP  19. UAGB_Block_Module::get_frontend_css() C:\Users\vishant yadav\Local Sites\personal-portfolio\app\public\wp-content\plugins\ultimate-addons-for-gutenberg\classes\class-uagb-post-assets.php:785
[31-Oct-2022 04:28:43 UTC] PHP  20. array_merge() C:\Users\vishant yadav\Local Sites\personal-portfolio\app\public\wp-content\plugins\ultimate-addons-for-gutenberg\classes\class-uagb-block-module.php:175
[31-Oct-2022 04:28:43 UTC] PHP Warning:  array_merge(): Expected parameter 2 to be an array, null given in C:\Users\vishant yadav\Local Sites\personal-portfolio\app\public\wp-content\plugins\ultimate-addons-for-gutenberg\classes\class-uagb-block-module.php on line 175
[31-Oct-2022 04:28:43 UTC] PHP Stack trace:
[31-Oct-2022 04:28:43 UTC] PHP   1. {main}() C:\Users\vishant yadav\Local Sites\personal-portfolio\app\public\wp-admin\post.php:0
[31-Oct-2022 04:28:43 UTC] PHP   2. require() C:\Users\vishant yadav\Local Sites\personal-portfolio\app\public\wp-admin\post.php:187
[31-Oct-2022 04:28:43 UTC] PHP   3. do_action() C:\Users\vishant yadav\Local Sites\personal-portfolio\app\public\wp-admin\edit-form-blocks.php:270
[31-Oct-2022 04:28:43 UTC] PHP   4. WP_Hook->do_action() C:\Users\vishant yadav\Local Sites\personal-portfolio\app\public\wp-includes\plugin.php:476
[31-Oct-2022 04:28:43 UTC] PHP   5. WP_Hook->apply_filters() C:\Users\vishant yadav\Local Sites\personal-portfolio\app\public\wp-includes\class-wp-hook.php:331
[31-Oct-2022 04:28:43 UTC] PHP   6. Astra_Enqueue_Scripts->gutenberg_assets() C:\Users\vishant yadav\Local Sites\personal-portfolio\app\public\wp-includes\class-wp-hook.php:307
[31-Oct-2022 04:28:43 UTC] PHP   7. Astra_Fonts::render_fonts() C:\Users\vishant yadav\Local Sites\personal-portfolio\app\public\wp-content\themes\astra\inc\core\class-astra-enqueue-scripts.php:430
[31-Oct-2022 04:28:43 UTC] PHP   8. Astra_Fonts::google_fonts_url() C:\Users\vishant yadav\Local Sites\personal-portfolio\app\public\wp-content\themes\astra\inc\customizer\class-astra-fonts.php:114
[31-Oct-2022 04:28:43 UTC] PHP   9. apply_filters() C:\Users\vishant yadav\Local Sites\personal-portfolio\app\public\wp-content\themes\astra\inc\customizer\class-astra-fonts.php:156
[31-Oct-2022 04:28:43 UTC] PHP  10. WP_Hook->apply_filters() C:\Users\vishant yadav\Local Sites\personal-portfolio\app\public\wp-includes\plugin.php:191
[31-Oct-2022 04:28:43 UTC] PHP  11. UAGB_Astra_Compatibility->add_google_fonts_in_astra() C:\Users\vishant yadav\Local Sites\personal-portfolio\app\public\wp-includes\class-wp-hook.php:307
[31-Oct-2022 04:28:43 UTC] PHP  12. uagb_get_post_assets() C:\Users\vishant yadav\Local Sites\personal-portfolio\app\public\wp-content\plugins\ultimate-addons-for-gutenberg\compatibility\class-uagb-astra-compatibility.php:72
[31-Oct-2022 04:28:43 UTC] PHP  13. UAGB_Post_Assets->__construct() C:\Users\vishant yadav\Local Sites\personal-portfolio\app\public\wp-content\plugins\ultimate-addons-for-gutenberg\classes\utils.php:22
[31-Oct-2022 04:28:43 UTC] PHP  14. UAGB_Post_Assets->prepare_assets() C:\Users\vishant yadav\Local Sites\personal-portfolio\app\public\wp-content\plugins\ultimate-addons-for-gutenberg\classes\class-uagb-post-assets.php:225
[31-Oct-2022 04:28:43 UTC] PHP  15. UAGB_Post_Assets->common_function_for_assets_preparation() C:\Users\vishant yadav\Local Sites\personal-portfolio\app\public\wp-content\plugins\ultimate-addons-for-gutenberg\classes\class-uagb-post-assets.php:881
[31-Oct-2022 04:28:43 UTC] PHP  16. UAGB_Post_Assets->get_blocks_assets() C:\Users\vishant yadav\Local Sites\personal-portfolio\app\public\wp-content\plugins\ultimate-addons-for-gutenberg\classes\class-uagb-post-assets.php:899
[31-Oct-2022 04:28:43 UTC] PHP  17. UAGB_Post_Assets->get_block_css_and_js() C:\Users\vishant yadav\Local Sites\personal-portfolio\app\public\wp-content\plugins\ultimate-addons-for-gutenberg\classes\class-uagb-post-assets.php:969
[31-Oct-2022 04:28:43 UTC] PHP  18. UAGB_Post_Assets->get_block_css_and_js() C:\Users\vishant yadav\Local Sites\personal-portfolio\app\public\wp-content\plugins\ultimate-addons-for-gutenberg\classes\class-uagb-post-assets.php:814
[31-Oct-2022 04:28:43 UTC] PHP  19. UAGB_Block_Module::get_frontend_css() C:\Users\vishant yadav\Local Sites\personal-portfolio\app\public\wp-content\plugins\ultimate-addons-for-gutenberg\classes\class-uagb-post-assets.php:785
[31-Oct-2022 04:28:43 UTC] PHP  20. array_merge() C:\Users\vishant yadav\Local Sites\personal-portfolio\app\public\wp-content\plugins\ultimate-addons-for-gutenberg\classes\class-uagb-block-module.php:175
[31-Oct-2022 04:28:43 UTC] PHP Warning:  array_merge(): Expected parameter 2 to be an array, null given in C:\Users\vishant yadav\Local Sites\personal-portfolio\app\public\wp-content\plugins\ultimate-addons-for-gutenberg\classes\class-uagb-block-module.php on line 175
[31-Oct-2022 04:28:43 UTC] PHP Stack trace:
[31-Oct-2022 04:28:43 UTC] PHP   1. {main}() C:\Users\vishant yadav\Local Sites\personal-portfolio\app\public\wp-admin\post.php:0
[31-Oct-2022 04:28:43 UTC] PHP   2. require() C:\Users\vishant yadav\Local Sites\personal-portfolio\app\public\wp-admin\post.php:187
[31-Oct-2022 04:28:43 UTC] PHP   3. do_action() C:\Users\vishant yadav\Local Sites\personal-portfolio\app\public\wp-admin\edit-form-blocks.php:270
[31-Oct-2022 04:28:43 UTC] PHP   4. WP_Hook->do_action() C:\Users\vishant yadav\Local Sites\personal-portfolio\app\public\wp-includes\plugin.php:476
[31-Oct-2022 04:28:43 UTC] PHP   5. WP_Hook->apply_filters() C:\Users\vishant yadav\Local Sites\personal-portfolio\app\public\wp-includes\class-wp-hook.php:331
[31-Oct-2022 04:28:43 UTC] PHP   6. Astra_Enqueue_Scripts->gutenberg_assets() C:\Users\vishant yadav\Local Sites\personal-portfolio\app\public\wp-includes\class-wp-hook.php:307
[31-Oct-2022 04:28:43 UTC] PHP   7. Astra_Fonts::render_fonts() C:\Users\vishant yadav\Local Sites\personal-portfolio\app\public\wp-content\themes\astra\inc\core\class-astra-enqueue-scripts.php:430
[31-Oct-2022 04:28:43 UTC] PHP   8. Astra_Fonts::google_fonts_url() C:\Users\vishant yadav\Local Sites\personal-portfolio\app\public\wp-content\themes\astra\inc\customizer\class-astra-fonts.php:114
[31-Oct-2022 04:28:43 UTC] PHP   9. apply_filters() C:\Users\vishant yadav\Local Sites\personal-portfolio\app\public\wp-content\themes\astra\inc\customizer\class-astra-fonts.php:156
[31-Oct-2022 04:28:43 UTC] PHP  10. WP_Hook->apply_filters() C:\Users\vishant yadav\Local Sites\personal-portfolio\app\public\wp-includes\plugin.php:191
[31-Oct-2022 04:28:43 UTC] PHP  11. UAGB_Astra_Compatibility->add_google_fonts_in_astra() C:\Users\vishant yadav\Local Sites\personal-portfolio\app\public\wp-includes\class-wp-hook.php:307
[31-Oct-2022 04:28:43 UTC] PHP  12. uagb_get_post_assets() C:\Users\vishant yadav\Local Sites\personal-portfolio\app\public\wp-content\plugins\ultimate-addons-for-gutenberg\compatibility\class-uagb-astra-compatibility.php:72
[31-Oct-2022 04:28:43 UTC] PHP  13. UAGB_Post_Assets->__construct() C:\Users\vishant yadav\Local Sites\personal-portfolio\app\public\wp-content\plugins\ultimate-addons-for-gutenberg\classes\utils.php:22
[31-Oct-2022 04:28:43 UTC] PHP  14. UAGB_Post_Assets->prepare_assets() C:\Users\vishant yadav\Local Sites\personal-portfolio\app\public\wp-content\plugins\ultimate-addons-for-gutenberg\classes\class-uagb-post-assets.php:225
[31-Oct-2022 04:28:43 UTC] PHP  15. UAGB_Post_Assets->common_function_for_assets_preparation() C:\Users\vishant yadav\Local Sites\personal-portfolio\app\public\wp-content\plugins\ultimate-addons-for-gutenberg\classes\class-uagb-post-assets.php:881
[31-Oct-2022 04:28:43 UTC] PHP  16. UAGB_Post_Assets->get_blocks_assets() C:\Users\vishant yadav\Local Sites\personal-portfolio\app\public\wp-content\plugins\ultimate-addons-for-gutenberg\classes\class-uagb-post-assets.php:899
[31-Oct-2022 04:28:43 UTC] PHP  17. UAGB_Post_Assets->get_block_css_and_js() C:\Users\vishant yadav\Local Sites\personal-portfolio\app\public\wp-content\plugins\ultimate-addons-for-gutenberg\classes\class-uagb-post-assets.php:969
[31-Oct-2022 04:28:43 UTC] PHP  18. UAGB_Post_Assets->get_block_css_and_js() C:\Users\vishant yadav\Local Sites\personal-portfolio\app\public\wp-content\plugins\ultimate-addons-for-gutenberg\classes\class-uagb-post-assets.php:814
[31-Oct-2022 04:28:43 UTC] PHP  19. UAGB_Post_Assets->get_block_css_and_js() C:\Users\vishant yadav\Local Sites\personal-portfolio\app\public\wp-content\plugins\ultimate-addons-for-gutenberg\classes\class-uagb-post-assets.php:814
[31-Oct-2022 04:28:43 UTC] PHP  20. UAGB_Block_Module::get_frontend_css() C:\Users\vishant yadav\Local Sites\personal-portfolio\app\public\wp-content\plugins\ultimate-addons-for-gutenberg\classes\class-uagb-post-assets.php:785
[31-Oct-2022 04:28:43 UTC] PHP  21. array_merge() C:\Users\vishant yadav\Local Sites\personal-portfolio\app\public\wp-content\plugins\ultimate-addons-for-gutenberg\classes\class-uagb-block-module.php:175
[31-Oct-2022 04:28:43 UTC] PHP Warning:  array_merge(): Expected parameter 2 to be an array, null given in C:\Users\vishant yadav\Local Sites\personal-portfolio\app\public\wp-content\plugins\ultimate-addons-for-gutenberg\classes\class-uagb-block-module.php on line 175
[31-Oct-2022 04:28:43 UTC] PHP Stack trace:
[31-Oct-2022 04:28:43 UTC] PHP   1. {main}() C:\Users\vishant yadav\Local Sites\personal-portfolio\app\public\wp-admin\post.php:0
[31-Oct-2022 04:28:43 UTC] PHP   2. require() C:\Users\vishant yadav\Local Sites\personal-portfolio\app\public\wp-admin\post.php:187
[31-Oct-2022 04:28:43 UTC] PHP   3. do_action() C:\Users\vishant yadav\Local Sites\personal-portfolio\app\public\wp-admin\edit-form-blocks.php:270
[31-Oct-2022 04:28:43 UTC] PHP   4. WP_Hook->do_action() C:\Users\vishant yadav\Local Sites\personal-portfolio\app\public\wp-includes\plugin.php:476
[31-Oct-2022 04:28:43 UTC] PHP   5. WP_Hook->apply_filters() C:\Users\vishant yadav\Local Sites\personal-portfolio\app\public\wp-includes\class-wp-hook.php:331
[31-Oct-2022 04:28:43 UTC] PHP   6. Astra_Enqueue_Scripts->gutenberg_assets() C:\Users\vishant yadav\Local Sites\personal-portfolio\app\public\wp-includes\class-wp-hook.php:307
[31-Oct-2022 04:28:43 UTC] PHP   7. Astra_Fonts::render_fonts() C:\Users\vishant yadav\Local Sites\personal-portfolio\app\public\wp-content\themes\astra\inc\core\class-astra-enqueue-scripts.php:430
[31-Oct-2022 04:28:43 UTC] PHP   8. Astra_Fonts::google_fonts_url() C:\Users\vishant yadav\Local Sites\personal-portfolio\app\public\wp-content\themes\astra\inc\customizer\class-astra-fonts.php:114
[31-Oct-2022 04:28:43 UTC] PHP   9. apply_filters() C:\Users\vishant yadav\Local Sites\personal-portfolio\app\public\wp-content\themes\astra\inc\customizer\class-astra-fonts.php:156
[31-Oct-2022 04:28:43 UTC] PHP  10. WP_Hook->apply_filters() C:\Users\vishant yadav\Local Sites\personal-portfolio\app\public\wp-includes\plugin.php:191
[31-Oct-2022 04:28:43 UTC] PHP  11. UAGB_Astra_Compatibility->add_google_fonts_in_astra() C:\Users\vishant yadav\Local Sites\personal-portfolio\app\public\wp-includes\class-wp-hook.php:307
[31-Oct-2022 04:28:43 UTC] PHP  12. uagb_get_post_assets() C:\Users\vishant yadav\Local Sites\personal-portfolio\app\public\wp-content\plugins\ultimate-addons-for-gutenberg\compatibility\class-uagb-astra-compatibility.php:72
[31-Oct-2022 04:28:43 UTC] PHP  13. UAGB_Post_Assets->__construct() C:\Users\vishant yadav\Local Sites\personal-portfolio\app\public\wp-content\plugins\ultimate-addons-for-gutenberg\classes\utils.php:22
[31-Oct-2022 04:28:43 UTC] PHP  14. UAGB_Post_Assets->prepare_assets() C:\Users\vishant yadav\Local Sites\personal-portfolio\app\public\wp-content\plugins\ultimate-addons-for-gutenberg\classes\class-uagb-post-assets.php:225
[31-Oct-2022 04:28:43 UTC] PHP  15. UAGB_Post_Assets->common_function_for_assets_preparation() C:\Users\vishant yadav\Local Sites\personal-portfolio\app\public\wp-content\plugins\ultimate-addons-for-gutenberg\classes\class-uagb-post-assets.php:881
[31-Oct-2022 04:28:43 UTC] PHP  16. UAGB_Post_Assets->get_blocks_assets() C:\Users\vishant yadav\Local Sites\personal-portfolio\app\public\wp-content\plugins\ultimate-addons-for-gutenberg\classes\class-uagb-post-assets.php:899
[31-Oct-2022 04:28:43 UTC] PHP  17. UAGB_Post_Assets->get_block_css_and_js() C:\Users\vishant yadav\Local Sites\personal-portfolio\app\public\wp-content\plugins\ultimate-addons-for-gutenberg\classes\class-uagb-post-assets.php:969
[31-Oct-2022 04:28:43 UTC] PHP  18. UAGB_Post_Assets->get_block_css_and_js() C:\Users\vishant yadav\Local Sites\personal-portfolio\app\public\wp-content\plugins\ultimate-addons-for-gutenberg\classes\class-uagb-post-assets.php:814
[31-Oct-2022 04:28:43 UTC] PHP  19. UAGB_Block_Module::get_frontend_css() C:\Users\vishant yadav\Local Sites\personal-portfolio\app\public\wp-content\plugins\ultimate-addons-for-gutenberg\classes\class-uagb-post-assets.php:785
[31-Oct-2022 04:28:43 UTC] PHP  20. array_merge() C:\Users\vishant yadav\Local Sites\personal-portfolio\app\public\wp-content\plugins\ultimate-addons-for-gutenberg\classes\class-uagb-block-module.php:175
[31-Oct-2022 04:28:43 UTC] PHP Warning:  array_merge(): Expected parameter 2 to be an array, null given in C:\Users\vishant yadav\Local Sites\personal-portfolio\app\public\wp-content\plugins\ultimate-addons-for-gutenberg\classes\class-uagb-block-module.php on line 175
[31-Oct-2022 04:28:43 UTC] PHP Stack trace:
[31-Oct-2022 04:28:43 UTC] PHP   1. {main}() C:\Users\vishant yadav\Local Sites\personal-portfolio\app\public\wp-admin\post.php:0
[31-Oct-2022 04:28:43 UTC] PHP   2. require() C:\Users\vishant yadav\Local Sites\personal-portfolio\app\public\wp-admin\post.php:187
[31-Oct-2022 04:28:43 UTC] PHP   3. do_action() C:\Users\vishant yadav\Local Sites\personal-portfolio\app\public\wp-admin\edit-form-blocks.php:270
[31-Oct-2022 04:28:43 UTC] PHP   4. WP_Hook->do_action() C:\Users\vishant yadav\Local Sites\personal-portfolio\app\public\wp-includes\plugin.php:476
[31-Oct-2022 04:28:43 UTC] PHP   5. WP_Hook->apply_filters() C:\Users\vishant yadav\Local Sites\personal-portfolio\app\public\wp-includes\class-wp-hook.php:331
[31-Oct-2022 04:28:43 UTC] PHP   6. Astra_Enqueue_Scripts->gutenberg_assets() C:\Users\vishant yadav\Local Sites\personal-portfolio\app\public\wp-includes\class-wp-hook.php:307
[31-Oct-2022 04:28:43 UTC] PHP   7. Astra_Fonts::render_fonts() C:\Users\vishant yadav\Local Sites\personal-portfolio\app\public\wp-content\themes\astra\inc\core\class-astra-enqueue-scripts.php:430
[31-Oct-2022 04:28:43 UTC] PHP   8. Astra_Fonts::google_fonts_url() C:\Users\vishant yadav\Local Sites\personal-portfolio\app\public\wp-content\themes\astra\inc\customizer\class-astra-fonts.php:114
[31-Oct-2022 04:28:43 UTC] PHP   9. apply_filters() C:\Users\vishant yadav\Local Sites\personal-portfolio\app\public\wp-content\themes\astra\inc\customizer\class-astra-fonts.php:156
[31-Oct-2022 04:28:43 UTC] PHP  10. WP_Hook->apply_filters() C:\Users\vishant yadav\Local Sites\personal-portfolio\app\public\wp-includes\plugin.php:191
[31-Oct-2022 04:28:43 UTC] PHP  11. UAGB_Astra_Compatibility->add_google_fonts_in_astra() C:\Users\vishant yadav\Local Sites\personal-portfolio\app\public\wp-includes\class-wp-hook.php:307
[31-Oct-2022 04:28:43 UTC] PHP  12. uagb_get_post_assets() C:\Users\vishant yadav\Local Sites\personal-portfolio\app\public\wp-content\plugins\ultimate-addons-for-gutenberg\compatibility\class-uagb-astra-compatibility.php:72
[31-Oct-2022 04:28:43 UTC] PHP  13. UAGB_Post_Assets->__construct() C:\Users\vishant yadav\Local Sites\personal-portfolio\app\public\wp-content\plugins\ultimate-addons-for-gutenberg\classes\utils.php:22
[31-Oct-2022 04:28:43 UTC] PHP  14. UAGB_Post_Assets->prepare_assets() C:\Users\vishant yadav\Local Sites\personal-portfolio\app\public\wp-content\plugins\ultimate-addons-for-gutenberg\classes\class-uagb-post-assets.php:225
[31-Oct-2022 04:28:43 UTC] PHP  15. UAGB_Post_Assets->common_function_for_assets_preparation() C:\Users\vishant yadav\Local Sites\personal-portfolio\app\public\wp-content\plugins\ultimate-addons-for-gutenberg\classes\class-uagb-post-assets.php:881
[31-Oct-2022 04:28:43 UTC] PHP  16. UAGB_Post_Assets->get_blocks_assets() C:\Users\vishant yadav\Local Sites\personal-portfolio\app\public\wp-content\plugins\ultimate-addons-for-gutenberg\classes\class-uagb-post-assets.php:899
[31-Oct-2022 04:28:43 UTC] PHP  17. UAGB_Post_Assets->get_block_css_and_js() C:\Users\vishant yadav\Local Sites\personal-portfolio\app\public\wp-content\plugins\ultimate-addons-for-gutenberg\classes\class-uagb-post-assets.php:969
[31-Oct-2022 04:28:43 UTC] PHP  18. UAGB_Block_Module::get_frontend_css() C:\Users\vishant yadav\Local Sites\personal-portfolio\app\public\wp-content\plugins\ultimate-addons-for-gutenberg\classes\class-uagb-post-assets.php:785
[31-Oct-2022 04:28:43 UTC] PHP  19. array_merge() C:\Users\vishant yadav\Local Sites\personal-portfolio\app\public\wp-content\plugins\ultimate-addons-for-gutenberg\classes\class-uagb-block-module.php:175
[31-Oct-2022 04:28:43 UTC] PHP Warning:  array_merge(): Expected parameter 2 to be an array, null given in C:\Users\vishant yadav\Local Sites\personal-portfolio\app\public\wp-content\plugins\ultimate-addons-for-gutenberg\classes\class-uagb-block-module.php on line 175
[31-Oct-2022 04:28:43 UTC] PHP Stack trace:
[31-Oct-2022 04:28:43 UTC] PHP   1. {main}() C:\Users\vishant yadav\Local Sites\personal-portfolio\app\public\wp-admin\post.php:0
[31-Oct-2022 04:28:43 UTC] PHP   2. require() C:\Users\vishant yadav\Local Sites\personal-portfolio\app\public\wp-admin\post.php:187
[31-Oct-2022 04:28:43 UTC] PHP   3. do_action() C:\Users\vishant yadav\Local Sites\personal-portfolio\app\public\wp-admin\edit-form-blocks.php:270
[31-Oct-2022 04:28:43 UTC] PHP   4. WP_Hook->do_action() C:\Users\vishant yadav\Local Sites\personal-portfolio\app\public\wp-includes\plugin.php:476
[31-Oct-2022 04:28:43 UTC] PHP   5. WP_Hook->apply_filters() C:\Users\vishant yadav\Local Sites\personal-portfolio\app\public\wp-includes\class-wp-hook.php:331
[31-Oct-2022 04:28:43 UTC] PHP   6. Astra_Enqueue_Scripts->gutenberg_assets() C:\Users\vishant yadav\Local Sites\personal-portfolio\app\public\wp-includes\class-wp-hook.php:307
[31-Oct-2022 04:28:43 UTC] PHP   7. Astra_Fonts::render_fonts() C:\Users\vishant yadav\Local Sites\personal-portfolio\app\public\wp-content\themes\astra\inc\core\class-astra-enqueue-scripts.php:430
[31-Oct-2022 04:28:43 UTC] PHP   8. Astra_Fonts::google_fonts_url() C:\Users\vishant yadav\Local Sites\personal-portfolio\app\public\wp-content\themes\astra\inc\customizer\class-astra-fonts.php:114
[31-Oct-2022 04:28:43 UTC] PHP   9. apply_filters() C:\Users\vishant yadav\Local Sites\personal-portfolio\app\public\wp-content\themes\astra\inc\customizer\class-astra-fonts.php:156
[31-Oct-2022 04:28:43 UTC] PHP  10. WP_Hook->apply_filters() C:\Users\vishant yadav\Local Sites\personal-portfolio\app\public\wp-includes\plugin.php:191
[31-Oct-2022 04:28:43 UTC] PHP  11. UAGB_Astra_Compatibility->add_google_fonts_in_astra() C:\Users\vishant yadav\Local Sites\personal-portfolio\app\public\wp-includes\class-wp-hook.php:307
[31-Oct-2022 04:28:43 UTC] PHP  12. uagb_get_post_assets() C:\Users\vishant yadav\Local Sites\personal-portfolio\app\public\wp-content\plugins\ultimate-addons-for-gutenberg\compatibility\class-uagb-astra-compatibility.php:72
[31-Oct-2022 04:28:43 UTC] PHP  13. UAGB_Post_Assets->__construct() C:\Users\vishant yadav\Local Sites\personal-portfolio\app\public\wp-content\plugins\ultimate-addons-for-gutenberg\classes\utils.php:22
[31-Oct-2022 04:28:43 UTC] PHP  14. UAGB_Post_Assets->prepare_assets() C:\Users\vishant yadav\Local Sites\personal-portfolio\app\public\wp-content\plugins\ultimate-addons-for-gutenberg\classes\class-uagb-post-assets.php:225
[31-Oct-2022 04:28:43 UTC] PHP  15. UAGB_Post_Assets->common_function_for_assets_preparation() C:\Users\vishant yadav\Local Sites\personal-portfolio\app\public\wp-content\plugins\ultimate-addons-for-gutenberg\classes\class-uagb-post-assets.php:881
[31-Oct-2022 04:28:43 UTC] PHP  16. UAGB_Post_Assets->get_blocks_assets() C:\Users\vishant yadav\Local Sites\personal-portfolio\app\public\wp-content\plugins\ultimate-addons-for-gutenberg\classes\class-uagb-post-assets.php:899
[31-Oct-2022 04:28:43 UTC] PHP  17. UAGB_Post_Assets->get_block_css_and_js() C:\Users\vishant yadav\Local Sites\personal-portfolio\app\public\wp-content\plugins\ultimate-addons-for-gutenberg\classes\class-uagb-post-assets.php:969
[31-Oct-2022 04:28:43 UTC] PHP  18. UAGB_Post_Assets->get_block_css_and_js() C:\Users\vishant yadav\Local Sites\personal-portfolio\app\public\wp-content\plugins\ultimate-addons-for-gutenberg\classes\class-uagb-post-assets.php:814
[31-Oct-2022 04:28:43 UTC] PHP  19. UAGB_Block_Module::get_frontend_css() C:\Users\vishant yadav\Local Sites\personal-portfolio\app\public\wp-content\plugins\ultimate-addons-for-gutenberg\classes\class-uagb-post-assets.php:785
[31-Oct-2022 04:28:43 UTC] PHP  20. array_merge() C:\Users\vishant yadav\Local Sites\personal-portfolio\app\public\wp-content\plugins\ultimate-addons-for-gutenberg\classes\class-uagb-block-module.php:175
[31-Oct-2022 04:28:43 UTC] PHP Warning:  require(C:\Users\vishant yadav\Local Sites\personal-portfolio\app\public\wp-content\plugins\ultimate-addons-for-gutenberg/includes/blocks//attributes.php): failed to open stream: No such file or directory in C:\Users\vishant yadav\Local Sites\personal-portfolio\app\public\wp-content\plugins\ultimate-addons-for-gutenberg\classes\class-uagb-block-helper.php on line 1669
[31-Oct-2022 04:28:43 UTC] PHP Stack trace:
[31-Oct-2022 04:28:43 UTC] PHP   1. {main}() C:\Users\vishant yadav\Local Sites\personal-portfolio\app\public\wp-admin\post.php:0
[31-Oct-2022 04:28:43 UTC] PHP   2. require() C:\Users\vishant yadav\Local Sites\personal-portfolio\app\public\wp-admin\post.php:187
[31-Oct-2022 04:28:43 UTC] PHP   3. do_action() C:\Users\vishant yadav\Local Sites\personal-portfolio\app\public\wp-admin\edit-form-blocks.php:270
[31-Oct-2022 04:28:43 UTC] PHP   4. WP_Hook->do_action() C:\Users\vishant yadav\Local Sites\personal-portfolio\app\public\wp-includes\plugin.php:476
[31-Oct-2022 04:28:43 UTC] PHP   5. WP_Hook->apply_filters() C:\Users\vishant yadav\Local Sites\personal-portfolio\app\public\wp-includes\class-wp-hook.php:331
[31-Oct-2022 04:28:43 UTC] PHP   6. Astra_Enqueue_Scripts->gutenberg_assets() C:\Users\vishant yadav\Local Sites\personal-portfolio\app\public\wp-includes\class-wp-hook.php:307
[31-Oct-2022 04:28:43 UTC] PHP   7. Astra_Fonts::render_fonts() C:\Users\vishant yadav\Local Sites\personal-portfolio\app\public\wp-content\themes\astra\inc\core\class-astra-enqueue-scripts.php:430
[31-Oct-2022 04:28:43 UTC] PHP   8. Astra_Fonts::google_fonts_url() C:\Users\vishant yadav\Local Sites\personal-portfolio\app\public\wp-content\themes\astra\inc\customizer\class-astra-fonts.php:114
[31-Oct-2022 04:28:43 UTC] PHP   9. apply_filters() C:\Users\vishant yadav\Local Sites\personal-portfolio\app\public\wp-content\themes\astra\inc\customizer\class-astra-fonts.php:156
[31-Oct-2022 04:28:43 UTC] PHP  10. WP_Hook->apply_filters() C:\Users\vishant yadav\Local Sites\personal-portfolio\app\public\wp-includes\plugin.php:191
[31-Oct-2022 04:28:43 UTC] PHP  11. UAGB_Astra_Compatibility->add_google_fonts_in_astra() C:\Users\vishant yadav\Local Sites\personal-portfolio\app\public\wp-includes\class-wp-hook.php:307
[31-Oct-2022 04:28:43 UTC] PHP  12. uagb_get_post_assets() C:\Users\vishant yadav\Local Sites\personal-portfolio\app\public\wp-content\plugins\ultimate-addons-for-gutenberg\compatibility\class-uagb-astra-compatibility.php:72
[31-Oct-2022 04:28:43 UTC] PHP  13. UAGB_Post_Assets->__construct() C:\Users\vishant yadav\Local Sites\personal-portfolio\app\public\wp-content\plugins\ultimate-addons-for-gutenberg\classes\utils.php:22
[31-Oct-2022 04:28:43 UTC] PHP  14. UAGB_Post_Assets->prepare_assets() C:\Users\vishant yadav\Local Sites\personal-portfolio\app\public\wp-content\plugins\ultimate-addons-for-gutenberg\classes\class-uagb-post-assets.php:225
[31-Oct-2022 04:28:43 UTC] PHP  15. UAGB_Post_Assets->common_function_for_assets_preparation() C:\Users\vishant yadav\Local Sites\personal-portfolio\app\public\wp-content\plugins\ultimate-addons-for-gutenberg\classes\class-uagb-post-assets.php:881
[31-Oct-2022 04:28:43 UTC] PHP  16. UAGB_Post_Assets->get_blocks_assets() C:\Users\vishant yadav\Local Sites\personal-portfolio\app\public\wp-content\plugins\ultimate-addons-for-gutenberg\classes\class-uagb-post-assets.php:899
[31-Oct-2022 04:28:43 UTC] PHP  17. UAGB_Post_Assets->get_block_css_and_js() C:\Users\vishant yadav\Local Sites\personal-portfolio\app\public\wp-content\plugins\ultimate-addons-for-gutenberg\classes\class-uagb-post-assets.php:969
[31-Oct-2022 04:28:43 UTC] PHP  18. UAGB_Post_Assets->get_block_css_and_js() C:\Users\vishant yadav\Local Sites\personal-portfolio\app\public\wp-content\plugins\ultimate-addons-for-gutenberg\classes\class-uagb-post-assets.php:814
[31-Oct-2022 04:28:43 UTC] PHP  19. UAGB_Block_Module::get_frontend_css() C:\Users\vishant yadav\Local Sites\personal-portfolio\app\public\wp-content\plugins\ultimate-addons-for-gutenberg\classes\class-uagb-post-assets.php:785
[31-Oct-2022 04:28:43 UTC] PHP  20. include() C:\Users\vishant yadav\Local Sites\personal-portfolio\app\public\wp-content\plugins\ultimate-addons-for-gutenberg\classes\class-uagb-block-module.php:179
[31-Oct-2022 04:28:43 UTC] PHP  21. UAGB_Block_Helper::get_fallback_number() C:\Users\vishant yadav\Local Sites\personal-portfolio\app\public\wp-content\plugins\ultimate-addons-for-gutenberg\includes\blocks\post-grid\frontend.css.php:13
[31-Oct-2022 04:28:43 UTC] PHP  22. UAGB_Block_Helper::get_block_default_attributes() C:\Users\vishant yadav\Local Sites\personal-portfolio\app\public\wp-content\plugins\ultimate-addons-for-gutenberg\classes\class-uagb-block-helper.php:1692
[31-Oct-2022 04:28:43 UTC] PHP Fatal error:  require(): Failed opening required 'C:\Users\vishant yadav\Local Sites\personal-portfolio\app\public\wp-content\plugins\ultimate-addons-for-gutenberg/includes/blocks//attributes.php' (include_path='.:/usr/share/php:/www/wp-content/pear') in C:\Users\vishant yadav\Local Sites\personal-portfolio\app\public\wp-content\plugins\ultimate-addons-for-gutenberg\classes\class-uagb-block-helper.php on line 1669
[31-Oct-2022 04:28:43 UTC] PHP Stack trace:
[31-Oct-2022 04:28:43 UTC] PHP   1. {main}() C:\Users\vishant yadav\Local Sites\personal-portfolio\app\public\wp-admin\post.php:0
[31-Oct-2022 04:28:43 UTC] PHP   2. require() C:\Users\vishant yadav\Local Sites\personal-portfolio\app\public\wp-admin\post.php:187
[31-Oct-2022 04:28:43 UTC] PHP   3. do_action() C:\Users\vishant yadav\Local Sites\personal-portfolio\app\public\wp-admin\edit-form-blocks.php:270
[31-Oct-2022 04:28:43 UTC] PHP   4. WP_Hook->do_action() C:\Users\vishant yadav\Local Sites\personal-portfolio\app\public\wp-includes\plugin.php:476
[31-Oct-2022 04:28:43 UTC] PHP   5. WP_Hook->apply_filters() C:\Users\vishant yadav\Local Sites\personal-portfolio\app\public\wp-includes\class-wp-hook.php:331
[31-Oct-2022 04:28:43 UTC] PHP   6. Astra_Enqueue_Scripts->gutenberg_assets() C:\Users\vishant yadav\Local Sites\personal-portfolio\app\public\wp-includes\class-wp-hook.php:307
[31-Oct-2022 04:28:43 UTC] PHP   7. Astra_Fonts::render_fonts() C:\Users\vishant yadav\Local Sites\personal-portfolio\app\public\wp-content\themes\astra\inc\core\class-astra-enqueue-scripts.php:430
[31-Oct-2022 04:28:43 UTC] PHP   8. Astra_Fonts::google_fonts_url() C:\Users\vishant yadav\Local Sites\personal-portfolio\app\public\wp-content\themes\astra\inc\customizer\class-astra-fonts.php:114
[31-Oct-2022 04:28:43 UTC] PHP   9. apply_filters() C:\Users\vishant yadav\Local Sites\personal-portfolio\app\public\wp-content\themes\astra\inc\customizer\class-astra-fonts.php:156
[31-Oct-2022 04:28:43 UTC] PHP  10. WP_Hook->apply_filters() C:\Users\vishant yadav\Local Sites\personal-portfolio\app\public\wp-includes\plugin.php:191
[31-Oct-2022 04:28:43 UTC] PHP  11. UAGB_Astra_Compatibility->add_google_fonts_in_astra() C:\Users\vishant yadav\Local Sites\personal-portfolio\app\public\wp-includes\class-wp-hook.php:307
[31-Oct-2022 04:28:43 UTC] PHP  12. uagb_get_post_assets() C:\Users\vishant yadav\Local Sites\personal-portfolio\app\public\wp-content\plugins\ultimate-addons-for-gutenberg\compatibility\class-uagb-astra-compatibility.php:72
[31-Oct-2022 04:28:43 UTC] PHP  13. UAGB_Post_Assets->__construct() C:\Users\vishant yadav\Local Sites\personal-portfolio\app\public\wp-content\plugins\ultimate-addons-for-gutenberg\classes\utils.php:22
[31-Oct-2022 04:28:43 UTC] PHP  14. UAGB_Post_Assets->prepare_assets() C:\Users\vishant yadav\Local Sites\personal-portfolio\app\public\wp-content\plugins\ultimate-addons-for-gutenberg\classes\class-uagb-post-assets.php:225
[31-Oct-2022 04:28:43 UTC] PHP  15. UAGB_Post_Assets->common_function_for_assets_preparation() C:\Users\vishant yadav\Local Sites\personal-portfolio\app\public\wp-content\plugins\ultimate-addons-for-gutenberg\classes\class-uagb-post-assets.php:881
[31-Oct-2022 04:28:43 UTC] PHP  16. UAGB_Post_Assets->get_blocks_assets() C:\Users\vishant yadav\Local Sites\personal-portfolio\app\public\wp-content\plugins\ultimate-addons-for-gutenberg\classes\class-uagb-post-assets.php:899
[31-Oct-2022 04:28:43 UTC] PHP  17. UAGB_Post_Assets->get_block_css_and_js() C:\Users\vishant yadav\Local Sites\personal-portfolio\app\public\wp-content\plugins\ultimate-addons-for-gutenberg\classes\class-uagb-post-assets.php:969
[31-Oct-2022 04:28:43 UTC] PHP  18. UAGB_Post_Assets->get_block_css_and_js() C:\Users\vishant yadav\Local Sites\personal-portfolio\app\public\wp-content\plugins\ultimate-addons-for-gutenberg\classes\class-uagb-post-assets.php:814
[31-Oct-2022 04:28:43 UTC] PHP  19. UAGB_Block_Module::get_frontend_css() C:\Users\vishant yadav\Local Sites\personal-portfolio\app\public\wp-content\plugins\ultimate-addons-for-gutenberg\classes\class-uagb-post-assets.php:785
[31-Oct-2022 04:28:43 UTC] PHP  20. include() C:\Users\vishant yadav\Local Sites\personal-portfolio\app\public\wp-content\plugins\ultimate-addons-for-gutenberg\classes\class-uagb-block-module.php:179
[31-Oct-2022 04:28:43 UTC] PHP  21. UAGB_Block_Helper::get_fallback_number() C:\Users\vishant yadav\Local Sites\personal-portfolio\app\public\wp-content\plugins\ultimate-addons-for-gutenberg\includes\blocks\post-grid\frontend.css.php:13
[31-Oct-2022 04:28:43 UTC] PHP  22. UAGB_Block_Helper::get_block_default_attributes() C:\Users\vishant yadav\Local Sites\personal-portfolio\app\public\wp-content\plugins\ultimate-addons-for-gutenberg\classes\class-uagb-block-helper.php:1692
[31-Oct-2022 18:47:50 UTC] WordPress database error Table 'wp_tablesome_event_log' already exists for query CREATE TABLE wp_tablesome_event_log ( id BIGINT UNSIGNED NOT NULL AUTO_INCREMENT,user_id BIGINT UNSIGNED DEFAULT "0",type VARCHAR(25) NULL,table_id BIGINT UNSIGNED DEFAULT "0",trigger_id INT(11) UNSIGNED DEFAULT "0",action_id INT(11) UNSIGNED DEFAULT "0",status TINYINT UNSIGNED DEFAULT "0",content TEXT DEFAULT NULL,user_ip VARBINARY(16) NULL,user_agent TEXT DEFAULT NULL,created_at DATETIME DEFAULT "0000-00-00 00:00:00" NULL,PRIMARY KEY (id) ) DEFAULT CHARACTER SET utf8mb4 COLLATE utf8mb4_unicode_520_ci made by require_once('wp-admin/admin.php'), require_once('wp-load.php'), require_once('wp-config.php'), require_once('wp-settings.php'), do_action('init'), WP_Hook->do_action, WP_Hook->apply_filters, Tablesome\Includes\Actions->init_automation, tablesome_workflow_manager, Tablesome\Includes\Modules\Workflow\Workflow_Manager::get_instance, Tablesome\Includes\Modules\Workflow\Workflow_Manager->init, Tablesome\Includes\Modules\Workflow\Event_Log\Event_Log::get_instance, Tablesome\Includes\Modules\Workflow\Event_Log\Event_Log->get_db_table_instance, BerlinDB\Database\Table->install, BerlinDB\Database\Table->create
[31-Oct-2022 18:47:56 UTC] fresh_install_action
[31-Oct-2022 18:47:56 UTC] fresh_install_action $upgrades : Array
(
    [0.8.3] => 1
    [0.7.3] => 1
    [0.7] => 1
    [0.6.5] => 1
    [0.5.9.2] => 1
    [0.5.8] => 1
    [0.4.1] => 1
    [0.4] => 1
    [0.2.6] => 1
    [0.0.2] => 1
    [0.2] => 1
)

[31-Oct-2022 18:47:56 UTC] VERYYY NEW INSTALL
[31-Oct-2022 18:47:56 UTC] fresh_install_action
[31-Oct-2022 18:47:56 UTC] fresh_install_action $upgrades : Array
(
    [0.8.3] => 1
    [0.7.3] => 1
    [0.7] => 1
    [0.6.5] => 1
    [0.5.9.2] => 1
    [0.5.8] => 1
    [0.4.1] => 1
    [0.4] => 1
    [0.2.6] => 1
    [0.0.2] => 1
    [0.2] => 1
)

[31-Oct-2022 18:47:56 UTC] VERYYY NEW INSTALL
